# Preference setting overrides
gui_create_pref_key -category {Globals} -key {load_detail_for_funcov} -value_type {bool} -value {false}

# State setting overrides
gui_state_default_create -off -ini
gui_set_state_value -category Layout -key child_console_size_x -value 271
gui_set_state_value -category Layout -key child_console_size_y -value 179
gui_set_state_value -category Layout -key child_data_size_x -value 253
gui_set_state_value -category Layout -key child_data_size_y -value 704
gui_set_state_value -category Layout -key child_driver_size_x -value 499
gui_set_state_value -category Layout -key child_driver_size_y -value 179
gui_set_state_value -category Layout -key child_hier_col3 -value {-1}
gui_set_state_value -category Layout -key child_hier_colpd -value 0
gui_set_state_value -category Layout -key child_hier_size_x -value 143
gui_set_state_value -category Layout -key child_hier_size_y -value 704
gui_set_state_value -category Layout -key child_source_docknewline -value false
gui_set_state_value -category Layout -key child_source_pos_x -value {-2}
gui_set_state_value -category Layout -key child_source_pos_y -value {-15}
gui_set_state_value -category Layout -key child_source_size_x -value 951
gui_set_state_value -category Layout -key child_source_size_y -value 699
gui_set_state_value -category Layout -key child_wave_colname -value 165
gui_set_state_value -category Layout -key child_wave_colvalue -value 165
gui_set_state_value -category Layout -key child_wave_left -value 334
gui_set_state_value -category Layout -key child_wave_right -value 813
gui_set_state_value -category Layout -key main_pos_x -value 1075
gui_set_state_value -category Layout -key main_pos_y -value 386
gui_set_state_value -category Layout -key main_size_x -value 2419
gui_set_state_value -category Layout -key main_size_y -value 1368
gui_set_state_value -category Layout -key stand_source_child_docknewline -value false
gui_set_state_value -category Layout -key stand_source_child_pos_x -value {-2}
gui_set_state_value -category Layout -key stand_source_child_pos_y -value {-15}
gui_set_state_value -category Layout -key stand_source_child_size_x -value 504
gui_set_state_value -category Layout -key stand_source_child_size_y -value 1
gui_set_state_value -category Layout -key stand_wave_child_docknewline -value false
gui_set_state_value -category Layout -key stand_wave_child_pos_x -value {-2}
gui_set_state_value -category Layout -key stand_wave_child_pos_y -value {-15}
gui_set_state_value -category Layout -key stand_wave_child_size_x -value 1157
gui_set_state_value -category Layout -key stand_wave_child_size_y -value 908
gui_set_state_value -category Layout -key stand_wave_top_pos_x -value 115
gui_set_state_value -category Layout -key stand_wave_top_pos_y -value 293
gui_set_state_value -category Layout -key stand_wave_top_size_x -value 1267
gui_set_state_value -category Layout -key stand_wave_top_size_y -value 1305
gui_create_state_key -category FindDialog -key m_pMatchCase -value_type bool -value false
gui_create_state_key -category FindDialog -key m_pMatchWord -value_type bool -value false
gui_create_state_key -category FindDialog -key m_pUseCombo -value_type string -value {}
gui_create_state_key -category FindDialog -key m_pWrapAround -value_type bool -value true
gui_create_state_key -category Widget_History -key {dlgSimSetup|m_setupTab|tab pages|BuildTab|m_rebuildBtnGroup|m_customCmdCombo} -value_type string -value {{vcs -full64 -debug_accessa+all fba_tb.v four_bit_adder.v full_adder.v}}
gui_create_state_key -category Widget_History -key {dlgSimSetup|m_setupTab|tab pages|SimTab|m_VPDCombo} -value_type string -value inter.vpd
gui_create_state_key -category Widget_History -key {dlgSimSetup|m_setupTab|tab pages|SimTab|m_argsCombo} -value_type string -value {{-ucligui }}
gui_create_state_key -category Widget_History -key {dlgSimSetup|m_setupTab|tab pages|SimTab|m_curDirCombo} -value_type string -value {/DCNFS/users/student/lkim/Desktop/Fall2022/603/assign2 /DCNFS/users/student/lkim/Desktop/Fall2022/603/assign1 /DCNFS/users/student/lkim/TEST}
gui_create_state_key -category Widget_History -key {dlgSimSetup|m_setupTab|tab pages|SimTab|m_exeCombo} -value_type string -value {/DCNFS/users/student/lkim/Desktop/Fall2022/603/assign2/simv ./simv /DCNFS/users/student/lkim/Desktop/Fall2022/603/assign1/simv}
gui_state_default_create -off

# Begin command logging
gui_sim_run Ucli -exe ./simv -args {-ucligui  } -dir .
gui_list_expand -id  Hier.1   testbench
gui_list_select -id Hier.1 -current_item_name testbench.dut -current_item_type Scope  -selected  { testbench.dut   }
gui_open_window Wave
gui_list_add -id Wave.1 -from Hier.1 { testbench.dut } -insertionbar
