Command: /DCNFS/users/student/lkim/Desktop/Fall2022/603/assign1/simv -ucli -sml=verdi +UVM_VERDI_TRACE=UVM_AWARE +fsdb+gate=off -ucli2Proc -lca -l /DCNFS/users/student/lkim/Desktop/Fall2022/603/assign1/verdiLog/sim.log
Warning-[LCA_FEATURES_ENABLED] Usage warning
  LCA features enabled by '-lca' argument on the command line.  For more 
  information regarding list of LCA features please refer to Chapter "LCA 
  features" in the VCS Release Notes
Chronologic VCS simulator copyright 1991-2019
Contains Synopsys proprietary information.
Compiler version P-2019.06-SP2-1_Full64; Runtime version P-2019.06-SP2-1_Full64;  Oct 27 14:37 2022

ucli% synUtils::getArch
linux64
ucli% loaddl -simv /opt/synopsys-2017/app/verdi/Verdi_N-2017.12-SP1-1//share/PLI/VCS/LINUXAMD64/libnovas.so LoadFSDBDumpCmd;LoadFSDBDumpCmd
LoadFSDBDumpCmd success
ucli% config ckptfsdbcheck off;config endofsim noexit;config onfail {enable all};config followactivescope on;catch {setUcliVerdiConnected};cbug::config pretty_print auto;fsdbDumpfile {/DCNFS/users/student/lkim/Desktop/Fall2022/603/assign1/inter.fsdb}; fsdbDumpflush;
*Verdi* Loading libsscore_vcs201712.so
FSDB Dumper for VCS, Release Verdi_N-2017.12-SP1-1, Linux x86_64/64bit, 04/19/2018
(C) 1996 - 2018 by Synopsys, Inc.
***********************************************************************
*  ERROR -                                                            *
*  The simulator version is newer than the FSDB dumper version which  *
*  may cause abnormal behavior, please contact Synopsys support for   *
*  assistance.                                                        *
***********************************************************************
*Verdi* : Create FSDB file '/DCNFS/users/student/lkim/Desktop/Fall2022/603/assign1/inter.fsdb'
*Verdi* : Flush all FSDB Files at 0 s.

ucli% sps_interactive
*Verdi* : Enable RPC Server(29714)

ucli% ucliCore::getToolPID
29714
ucli% ucliCore::getToolPID
29714
ucli% if {[catch {ucliCore::setFocus tool}]} {}

ucli% puts $ucliCore::nativeUcliMode
0

ucli% ucliCore::getToolTopPID
29714
ucli% pid
29770
ucli% synUtils::sendTool -active {_icl_createSharedMemory /tmp/vcs_dve_general.lkim.29714 }

ucli% if { [info vars watch::vcbp_str_len_limit_of_get_value] != ""} {set watch::vcbp_str_len_limit_of_get_value 1024}
1024
ucli% info command stateVerdiChangeCB

ucli% proc stateVerdiChangeCB args { if {$ucliGUI::state eq "terminated"} {puts "\nVERDI_SIM_Terminated\n";catch {setVerdiSimTerminated}}}

ucli% trace variable ucliGUI::state wu stateVerdiChangeCB

ucli% if {[catch {rename synopsys::restore verdiHack::restore} ]} {puts "0"}

ucli% proc synopsys::restore {args} { verdiHack::restore $args; puts "\nVERDI_SIM_RESTORE\n"}

ucli% if {[catch {rename quit verdiHack::quit} ]} {puts "0"}

ucli% proc quit {args} { if {[string length $args] == 0} { verdiHack::quit; } elseif {([string equal "-h" $args] == 1)||([string equal "-he" $args] == 1)||([string equal "-hel" $args] == 1)||([string equal "-help" $args] == 1)} { puts "\n quit           # Exit the simulation.\n \[-noprompt\]        (Exit the simulation and Verdi.)\n"} elseif {([string equal "-n" $args] == 1)||([string equal "-no" $args] == 1)||([string equal "-nop" $args] == 1)||([string equal "-nopr" $args] == 1)||([string equal "-nopro" $args] == 1)||([string equal "-noprom" $args] == 1)||([string equal "-nopromp" $args] == 1)||([string equal "-noprompt" $args] == 1)} { puts "\nVERDI_EXIT_N\n" } else { verdiHack::quit $args; } }

ucli% if {[catch {rename exit verdiHack::exit} ]} {puts "0"}

ucli% proc exit {args} { if {[string length $args] == 0} { verdiHack::exit; } elseif {([string equal "-h" $args] == 1)||([string equal "-he" $args] == 1)||([string equal "-hel" $args] == 1)||([string equal "-help" $args] == 1)} { puts "\n exit           # Exit the simulation.\n \[-noprompt\]        (Exit the simulation and Verdi.)\n"} elseif {([string equal "-n" $args] == 1)||([string equal "-no" $args] == 1)||([string equal "-nop" $args] == 1)||([string equal "-nopr" $args] == 1)||([string equal "-nopro" $args] == 1)||([string equal "-noprom" $args] == 1)||([string equal "-nopromp" $args] == 1)||([string equal "-noprompt" $args] == 1)} { puts "\nVERDI_EXIT_N\n" } else { verdiHack::exit $args; } }

ucli% proc checkpoint::beforeRecreate {} { sps_interactive }

ucli% if {[catch {ucliCore::setFocus tool}]} {}

ucli% save::getUserdefinedProcs
::stateVerdiChangeCB ::LoadFSDBDumpCmd
ucli% info procs
ipi_get_str fsdbDumpMDAByFile fsdbDumpMDA echo fsdbDumpMemNow fsdbAutoSwitchDumpfile unknown sps_interactive auto_import stat fsdbDumpfile setenv auto_execok pkg_mkIndex stateVerdiChangeCB fsdbDumpSingle proc_body ipi_begin fsdbDumpoff getenv fsdbDumplimit fsdbDumpPattern ipi_handle fsdbDumpvarsByFile fsdbDumpMDAInScope lminus interp ls auto_load_index proc_args fsdbAddRuntimeSignal fsdbDumpSC print_message_info ridbDump fsdbDumpSVAoff fsdbSuppress fsdbDumpvars help fsdbDumpMDAOnChange ipi_control auto_qualify fsdbDumpMem tclPkgUnknown printenv ipi_handle_by_name helpdoc fsdbDumpMemInScope fsdbDumpFinish is_true fsdbDumpon sh LoadFSDBDumpCmd fsdbDumpPSL fsdbDumpSVA ipi_end wrapperSpecmanSn fsdbDumpSVAon fsdbDumpClassObjectByFile is_false auto_load fsdbDumpPSLon ipi_get_int64 fsdbSubstituteHier ipi_get_value ipi_iterate exit fsdbDumpMemInFile tclLog fsdbDumpflush get_unix_variable mem_debug ipi_scan fsdbDumpPSLoff fsdbDumpClassObject fsdbDumpvarsToFile set_unix_variable bgerror fsdbDumpStrength clock add_group fsdbSwitchDumpfile source add_wave unsetenv fsdbDumpvarsES readline fsdbDisplay ipi_handle_free set_group ipi_get quit define_proc_attributes tclPkgSetup fsdbDumpMDANow ipi_init_play_tcl fsdbDumpIO
ucli% lappend ucliCore::resultTagsForVerdi <?special_verdi_begin?> <?special_verdi_end?>
<?special_verdi_begin?> <?special_verdi_end?>
ucli% if {[catch {ucliCore::setFocus tool}]} {}

ucli% 