#######################################################################################
# log primitive debug message of FSDB dumping                                         #
# This is for R&D to analyze when there are issues happening when FSDB dump           #
#######################################################################################
ANF: vcsd_get_serial_mode_status('/DCNFS/users/student/lkim/Desktop/Fall2022/603/assign1/simv: undefined symbol: vcsd_get_serial_mode_status')
ANF: vcsd_get_power_scope_name('/DCNFS/users/student/lkim/Desktop/Fall2022/603/assign1/simv: undefined symbol: vcsd_get_power_scope_name')
ANF: vcsd_begin_no_value_var_info('/DCNFS/users/student/lkim/Desktop/Fall2022/603/assign1/simv: undefined symbol: vcsd_begin_no_value_var_info')
ANF: vcsd_end_no_value_var_info('/DCNFS/users/student/lkim/Desktop/Fall2022/603/assign1/simv: undefined symbol: vcsd_end_no_value_var_info')
ANF: vcsd_remove_xprop_merge_mode_callback('/DCNFS/users/student/lkim/Desktop/Fall2022/603/assign1/simv: undefined symbol: vcsd_remove_xprop_merge_mode_callback')
ANF: vhpi_get_cb_info('/DCNFS/users/student/lkim/Desktop/Fall2022/603/assign1/simv: undefined symbol: vhpi_get_cb_info')
ANF: vhpi_free_handle('/DCNFS/users/student/lkim/Desktop/Fall2022/603/assign1/simv: undefined symbol: vhpi_free_handle')
ANF: scsd_xprop_is_enabled('/DCNFS/users/student/lkim/Desktop/Fall2022/603/assign1/simv: undefined symbol: scsd_xprop_is_enabled')
ANF: scsd_xprop_sig_is_promoted('/DCNFS/users/student/lkim/Desktop/Fall2022/603/assign1/simv: undefined symbol: scsd_xprop_sig_is_promoted')
ANF: scsd_xprop_int_xvalue('/DCNFS/users/student/lkim/Desktop/Fall2022/603/assign1/simv: undefined symbol: scsd_xprop_int_xvalue')
ANF: scsd_xprop_bool_xvalue('/DCNFS/users/student/lkim/Desktop/Fall2022/603/assign1/simv: undefined symbol: scsd_xprop_bool_xvalue')
ANF: scsd_xprop_enum_xvalue('/DCNFS/users/student/lkim/Desktop/Fall2022/603/assign1/simv: undefined symbol: scsd_xprop_enum_xvalue')
ANF: scsd_xprop_register_merge_mode_cb('/DCNFS/users/student/lkim/Desktop/Fall2022/603/assign1/simv: undefined symbol: scsd_xprop_register_merge_mode_cb')
ANF: scsd_xprop_delete_merge_mode_cb('/DCNFS/users/student/lkim/Desktop/Fall2022/603/assign1/simv: undefined symbol: scsd_xprop_delete_merge_mode_cb')
ANF: scsd_xprop_get_merge_mode('/DCNFS/users/student/lkim/Desktop/Fall2022/603/assign1/simv: undefined symbol: scsd_xprop_get_merge_mode')
ANF: scsd_thread_get_info('/DCNFS/users/student/lkim/Desktop/Fall2022/603/assign1/simv: undefined symbol: scsd_thread_get_info')
ANF: scsd_thread_vc_init('/DCNFS/users/student/lkim/Desktop/Fall2022/603/assign1/simv: undefined symbol: scsd_thread_vc_init')
ANF: scsd_master_set_delta_sync_cbk('/DCNFS/users/student/lkim/Desktop/Fall2022/603/assign1/simv: undefined symbol: scsd_master_set_delta_sync_cbk')
ANF: scsd_fgp_get_fsdb_cores('/DCNFS/users/student/lkim/Desktop/Fall2022/603/assign1/simv: undefined symbol: scsd_fgp_get_fsdb_cores')
ANF: msvEnableDumpingMode('/DCNFS/users/student/lkim/Desktop/Fall2022/603/assign1/simv: undefined symbol: msvEnableDumpingMode')
ANF: msvGetVersion('/DCNFS/users/student/lkim/Desktop/Fall2022/603/assign1/simv: undefined symbol: msvGetVersion')
ANF: msvGetInstProp('/DCNFS/users/student/lkim/Desktop/Fall2022/603/assign1/simv: undefined symbol: msvGetInstProp')
ANF: msvIsSpiceEngineReady('/DCNFS/users/student/lkim/Desktop/Fall2022/603/assign1/simv: undefined symbol: msvIsSpiceEngineReady')
ANF: msvSetAddProbeCallback('/DCNFS/users/student/lkim/Desktop/Fall2022/603/assign1/simv: undefined symbol: msvSetAddProbeCallback')
ANF: msvGetInstHandle('/DCNFS/users/student/lkim/Desktop/Fall2022/603/assign1/simv: undefined symbol: msvGetInstHandle')
ANF: msvGetProbeByInst('/DCNFS/users/student/lkim/Desktop/Fall2022/603/assign1/simv: undefined symbol: msvGetProbeByInst')
ANF: msvGetSigHandle('/DCNFS/users/student/lkim/Desktop/Fall2022/603/assign1/simv: undefined symbol: msvGetSigHandle')
ANF: msvGetProbeBySig('/DCNFS/users/student/lkim/Desktop/Fall2022/603/assign1/simv: undefined symbol: msvGetProbeBySig')
ANF: msvGetProbeInfo('/DCNFS/users/student/lkim/Desktop/Fall2022/603/assign1/simv: undefined symbol: msvGetProbeInfo')
ANF: msvRelease('/DCNFS/users/student/lkim/Desktop/Fall2022/603/assign1/simv: undefined symbol: msvRelease')
ANF: msvSetVcCallbackFunc('/DCNFS/users/student/lkim/Desktop/Fall2022/603/assign1/simv: undefined symbol: msvSetVcCallbackFunc')
ANF: msvCheckVcCallback('/DCNFS/users/student/lkim/Desktop/Fall2022/603/assign1/simv: undefined symbol: msvCheckVcCallback')
ANF: msvAddVcCallback('/DCNFS/users/student/lkim/Desktop/Fall2022/603/assign1/simv: undefined symbol: msvAddVcCallback')
ANF: msvRemoveVcCallback('/DCNFS/users/student/lkim/Desktop/Fall2022/603/assign1/simv: undefined symbol: msvRemoveVcCallback')
ANF: msvGetLatestValue('/DCNFS/users/student/lkim/Desktop/Fall2022/603/assign1/simv: undefined symbol: msvGetLatestValue')
ANF: msvSetEndofSimCallback('/DCNFS/users/student/lkim/Desktop/Fall2022/603/assign1/simv: undefined symbol: msvSetEndofSimCallback')
ANF: msvIgnoredProbe('/DCNFS/users/student/lkim/Desktop/Fall2022/603/assign1/simv: undefined symbol: msvIgnoredProbe')
ANF: msvGetThruNetInfo('/DCNFS/users/student/lkim/Desktop/Fall2022/603/assign1/simv: undefined symbol: msvGetThruNetInfo')
ANF: msvFreeThruNetInfo('/DCNFS/users/student/lkim/Desktop/Fall2022/603/assign1/simv: undefined symbol: msvFreeThruNetInfo')
ANF: PI_ace_get_output_time_unit('/DCNFS/users/student/lkim/Desktop/Fall2022/603/assign1/simv: undefined symbol: PI_ace_get_output_time_unit')
ANF: PI_ace_sim_sync('/DCNFS/users/student/lkim/Desktop/Fall2022/603/assign1/simv: undefined symbol: PI_ace_sim_sync')
ANF: msvGetRereadInitFile('/DCNFS/users/student/lkim/Desktop/Fall2022/603/assign1/simv: undefined symbol: msvGetRereadInitFile')
ANF: msvSetBeforeRereadCallback('/DCNFS/users/student/lkim/Desktop/Fall2022/603/assign1/simv: undefined symbol: msvSetBeforeRereadCallback')
ANF: msvSetAfterRereadCallback('/DCNFS/users/student/lkim/Desktop/Fall2022/603/assign1/simv: undefined symbol: msvSetAfterRereadCallback')
ANF: msvSetForceCallback('/DCNFS/users/student/lkim/Desktop/Fall2022/603/assign1/simv: undefined symbol: msvSetForceCallback')
ANF: msvSetReleaseCallback('/DCNFS/users/student/lkim/Desktop/Fall2022/603/assign1/simv: undefined symbol: msvSetReleaseCallback')
ANF: msvGetForceStatus('/DCNFS/users/student/lkim/Desktop/Fall2022/603/assign1/simv: undefined symbol: msvGetForceStatus')
ANF: vhdi_dt_get_type('/DCNFS/users/student/lkim/Desktop/Fall2022/603/assign1/simv: undefined symbol: vhdi_dt_get_type')
ANF: vhdi_dt_get_key('/DCNFS/users/student/lkim/Desktop/Fall2022/603/assign1/simv: undefined symbol: vhdi_dt_get_key')
ANF: vhdi_dt_get_vhdl_enum_info('/DCNFS/users/student/lkim/Desktop/Fall2022/603/assign1/simv: undefined symbol: vhdi_dt_get_vhdl_enum_info')
ANF: vhdi_dt_get_vhdl_physical_info('/DCNFS/users/student/lkim/Desktop/Fall2022/603/assign1/simv: undefined symbol: vhdi_dt_get_vhdl_physical_info')
ANF: vhdi_dt_get_vhdl_array_info('/DCNFS/users/student/lkim/Desktop/Fall2022/603/assign1/simv: undefined symbol: vhdi_dt_get_vhdl_array_info')
ANF: vhdi_dt_get_vhdl_record_info('/DCNFS/users/student/lkim/Desktop/Fall2022/603/assign1/simv: undefined symbol: vhdi_dt_get_vhdl_record_info')
ANF: vhdi_def_traverse_module('/DCNFS/users/student/lkim/Desktop/Fall2022/603/assign1/simv: undefined symbol: vhdi_def_traverse_module')
ANF: vhdi_def_traverse_scope('/DCNFS/users/student/lkim/Desktop/Fall2022/603/assign1/simv: undefined symbol: vhdi_def_traverse_scope')
ANF: vhdi_def_traverse_variable('/DCNFS/users/student/lkim/Desktop/Fall2022/603/assign1/simv: undefined symbol: vhdi_def_traverse_variable')
ANF: vhdi_def_get_module_id_by_vhpi('/DCNFS/users/student/lkim/Desktop/Fall2022/603/assign1/simv: undefined symbol: vhdi_def_get_module_id_by_vhpi')
ANF: vhdi_def_get_handle_by_module_id('/DCNFS/users/student/lkim/Desktop/Fall2022/603/assign1/simv: undefined symbol: vhdi_def_get_handle_by_module_id')
ANF: vhdi_def_get_variable_info_by_vhpi('/DCNFS/users/student/lkim/Desktop/Fall2022/603/assign1/simv: undefined symbol: vhdi_def_get_variable_info_by_vhpi')
ANF: vhdi_def_free('/DCNFS/users/student/lkim/Desktop/Fall2022/603/assign1/simv: undefined symbol: vhdi_def_free')
ANF: vhdi_ist_traverse_scope('/DCNFS/users/student/lkim/Desktop/Fall2022/603/assign1/simv: undefined symbol: vhdi_ist_traverse_scope')
ANF: vhdi_ist_traverse_variable('/DCNFS/users/student/lkim/Desktop/Fall2022/603/assign1/simv: undefined symbol: vhdi_ist_traverse_variable')
ANF: vhdi_ist_convert_by_vhpi('/DCNFS/users/student/lkim/Desktop/Fall2022/603/assign1/simv: undefined symbol: vhdi_ist_convert_by_vhpi')
ANF: vhdi_ist_clone('/DCNFS/users/student/lkim/Desktop/Fall2022/603/assign1/simv: undefined symbol: vhdi_ist_clone')
ANF: vhdi_ist_free('/DCNFS/users/student/lkim/Desktop/Fall2022/603/assign1/simv: undefined symbol: vhdi_ist_free')
ANF: vhdi_ist_hash_key('/DCNFS/users/student/lkim/Desktop/Fall2022/603/assign1/simv: undefined symbol: vhdi_ist_hash_key')
ANF: vhdi_ist_compare('/DCNFS/users/student/lkim/Desktop/Fall2022/603/assign1/simv: undefined symbol: vhdi_ist_compare')
ANF: vhdi_ist_get_value_addr('/DCNFS/users/student/lkim/Desktop/Fall2022/603/assign1/simv: undefined symbol: vhdi_ist_get_value_addr')
ANF: vhdi_set_scsd_callback('/DCNFS/users/student/lkim/Desktop/Fall2022/603/assign1/simv: undefined symbol: vhdi_set_scsd_callback')
ANF: vhdi_cbk_set_force_callback('/DCNFS/users/student/lkim/Desktop/Fall2022/603/assign1/simv: undefined symbol: vhdi_cbk_set_force_callback')
ANF: vhdi_trigger_init_force('/DCNFS/users/student/lkim/Desktop/Fall2022/603/assign1/simv: undefined symbol: vhdi_trigger_init_force')
ANF: vhdi_ist_check_scsd_callback('/DCNFS/users/student/lkim/Desktop/Fall2022/603/assign1/simv: undefined symbol: vhdi_ist_check_scsd_callback')
ANF: vhdi_ist_add_scsd_callback('/DCNFS/users/student/lkim/Desktop/Fall2022/603/assign1/simv: undefined symbol: vhdi_ist_add_scsd_callback')
ANF: vhdi_ist_remove_scsd_callback('/DCNFS/users/student/lkim/Desktop/Fall2022/603/assign1/simv: undefined symbol: vhdi_ist_remove_scsd_callback')
ANF: vhdi_ist_get_scsd_user_data('/DCNFS/users/student/lkim/Desktop/Fall2022/603/assign1/simv: undefined symbol: vhdi_ist_get_scsd_user_data')
ANF: vhdi_add_time_change_callback('/DCNFS/users/student/lkim/Desktop/Fall2022/603/assign1/simv: undefined symbol: vhdi_add_time_change_callback')
ANF: vhdi_get_real_value_by_value_addr('/DCNFS/users/student/lkim/Desktop/Fall2022/603/assign1/simv: undefined symbol: vhdi_get_real_value_by_value_addr')
ANF: vhdi_get_64_value_by_value_addr('/DCNFS/users/student/lkim/Desktop/Fall2022/603/assign1/simv: undefined symbol: vhdi_get_64_value_by_value_addr')
ANF: vhdi_xprop_inst_is_promoted('/DCNFS/users/student/lkim/Desktop/Fall2022/603/assign1/simv: undefined symbol: vhdi_xprop_inst_is_promoted')
ANF: vdi_ist_convert_by_vhdi('/DCNFS/users/student/lkim/Desktop/Fall2022/603/assign1/simv: undefined symbol: vdi_ist_convert_by_vhdi')
ANF: vhdi_ist_get_module_id('/DCNFS/users/student/lkim/Desktop/Fall2022/603/assign1/simv: undefined symbol: vhdi_ist_get_module_id')
ANF: vhdi_refine_foreign_scope_type('/DCNFS/users/student/lkim/Desktop/Fall2022/603/assign1/simv: undefined symbol: vhdi_refine_foreign_scope_type')
ANF: vhdi_flush_callback('/DCNFS/users/student/lkim/Desktop/Fall2022/603/assign1/simv: undefined symbol: vhdi_flush_callback')
ANF: vhdi_set_orig_name('/DCNFS/users/student/lkim/Desktop/Fall2022/603/assign1/simv: undefined symbol: vhdi_set_orig_name')
ANF: vhdi_set_dump_pt('/DCNFS/users/student/lkim/Desktop/Fall2022/603/assign1/simv: undefined symbol: vhdi_set_dump_pt')
ANF: vhdi_get_fsdb_option('/DCNFS/users/student/lkim/Desktop/Fall2022/603/assign1/simv: undefined symbol: vhdi_get_fsdb_option')
ANF: vhdi_fgp_get_mode('/DCNFS/users/student/lkim/Desktop/Fall2022/603/assign1/simv: undefined symbol: vhdi_fgp_get_mode')
VCS compile option:
 option[0]: /DCNFS/users/student/lkim/Desktop/Fall2022/603/assign1/simv
 option[1]: -ucli
 option[2]: -sml=verdi
 option[3]: +UVM_VERDI_TRACE=UVM_AWARE
 option[4]: +fsdb+gate=off
 option[5]: -ucli2Proc
 option[6]: -lca
 option[7]: -l
 option[8]: /DCNFS/users/student/lkim/Desktop/Fall2022/603/assign1/verdiLog/sim.log
 option[9]: /opt/synopsys-2019/app/vcs/P-2019.06-SP2-1/linux64/bin/vcs1
 option[10]: -Mcc=gcc
 option[11]: -Mcplusplus=g++
 option[12]: -Masflags=
 option[13]: -Mcfl= -pipe -fPIC -O -I/opt/synopsys-2019/app/vcs/P-2019.06-SP2-1/include 
 option[14]: -Mxcflags= -pipe -fPIC -I/opt/synopsys-2019/app/vcs/P-2019.06-SP2-1/include
 option[15]: -Mldflags= -rdynamic 
 option[16]: -Mout=simv
 option[17]: -Mamsrun=
 option[18]: -Mvcsaceobjs=
 option[19]: -Mobjects= /opt/synopsys-2019/app/vcs/P-2019.06-SP2-1/linux64/lib/libvirsim.so /opt/synopsys-2019/app/vcs/P-2019.06-SP2-1/linux64/lib/liberrorinf.so /opt/synopsys-2019/app/vcs/P-2019.06-SP2-1/linux64/lib/libsnpsmalloc.so /opt/synopsys-2019/app/vcs/P-2019.06-SP2-1/linux64/lib/libvfs.so 
 option[20]: -Mexternalobj=
 option[21]: -Msaverestoreobj=/opt/synopsys-2019/app/vcs/P-2019.06-SP2-1/linux64/lib/vcs_save_restore_new.o
 option[22]: -Mcrt0=
 option[23]: -Mcrtn=
 option[24]: -Mcsrc=
 option[25]: -Msyslibs=/opt/synopsys-2017/app/verdi/Verdi_N-2017.12-SP1-1//share/PLI/VCS/LINUX64/pli.a -ldl 
 option[26]: -debug_access+all
 option[27]: +vpi
 option[28]: +vcsd1
 option[29]: +itf+/opt/synopsys-2019/app/vcs/P-2019.06-SP2-1/linux64/lib/vcsdp_lite.tab
 option[30]: -full64
 option[31]: -kdb
 option[32]: -Xufe=2steps
 option[33]: -picarchive
 option[34]: -P
 option[35]: /opt/synopsys-2017/app/verdi/Verdi_N-2017.12-SP1-1//share/PLI/VCS/LINUX64/verdi.tab
 option[36]: -fsdb
 option[37]: -sverilog
 option[38]: -gen_obj
 option[39]: tb.v
 option[40]: a1.v
 option[41]: -load
 option[42]: /opt/synopsys-2017/app/verdi/Verdi_N-2017.12-SP1-1//share/PLI/VCS/LINUX64/libnovas.so:FSDBDumpCmd
Chronologic Simulation VCS Release P-2019.06-SP2-1_Full64
Linux 3.10.0-1160.76.1.el7.x86_64 #1 SMP Wed Aug 10 16:21:17 UTC 2022 x86_64
CPU cores: 2
Limit information:
======================================
cputime			unlimited
filesize		unlimited
datasize		unlimited
stacksize		8192 kbytes
coredumpsize	0 kbytes
memoryuse		unlimited
vmemoryuse		unlimited
descriptors		100000
memorylocked	64 kbytes
maxproc			1024
======================================
(Special)Runtime environment variables:

Runtime environment variables:
MANPATH=/home/bsgreene/vg_gnu_2013.06/amd64/gcc-4.5.2_64-shared/man:/home/bsgreene/vg_gnu_2013.06/amd64/binutils-2.22_64/man:/usr/share/man:/usr/local/man:/usr/share/man:/usr/local/man
MATE_DESKTOP_SESSION_ID=this-is-deprecated
XDG_SESSION_ID=62357
SSH_AGENT_PID=18838
SAED90_PDK=/opt/synopsys-2019/app/SAED/SAED_PDK90nm
HOSTNAME=linuxvdi10
GUESTFISH_INIT=\e[1;34m
STARRC_BIN=/opt/synopsys-2019/app/starrc/Q-2019.12-SP1-1/bin
NOVAS_SYNC_MOTIF_DISP=
IMSETTINGS_INTEGRATE_DESKTOP=yes
APP_ROOT=/opt/synopsys-2019/app
SYN_BIN=/opt/synopsys-2019/app/syn/Q-2019.12-SP1/bin
TMAX_BIN=/opt/synopsys-2019/app/txs/Q-2019.12-SP1/bin
SHELL=/bin/bash
TERM=xterm-256color
VTE_VERSION=5204
HISTSIZE=100000
XA_BIN=/opt/synopsys-2019/app/xa/P-2019.06-SP5/bin
SENTAURUS_BIN=/opt/synopsys-2019/app/sentaurus/Q_2019.12-SP1a/bin
SPS_FONT_PATH=/opt/synopsys-2017/app/verdi/Verdi_N-2017.12-SP1-1/font
VCS_STACK_EXEC=true
WINDOWID=50331654
SPS_XFONT_PATH=/opt/synopsys-2017/app/verdi/Verdi_N-2017.12-SP1-1/XFont
QTDIR=/usr/lib64/qt-3.3
VCS_PATHMAP_PRELOAD_DONE=1
QTINC=/usr/lib64/qt-3.3/include
LC_ALL=C
QT_GRAPHICSSYSTEM_CHECKED=1
IMSETTINGS_MODULE=none
HISTFILESIZE=200000
USER=lkim
LS_COLORS=rs=0:di=38;5;27:ln=38;5;51:mh=44;38;5;15:pi=40;38;5;11:so=38;5;13:do=38;5;5:bd=48;5;232;38;5;11:cd=48;5;232;38;5;3:or=48;5;232;38;5;9:mi=05;48;5;232;38;5;15:su=48;5;196;38;5;15:sg=48;5;11;38;5;16:ca=48;5;196;38;5;226:tw=48;5;10;38;5;16:ow=48;5;10;38;5;21:st=48;5;21;38;5;15:ex=38;5;34:*.tar=38;5;9:*.tgz=38;5;9:*.arc=38;5;9:*.arj=38;5;9:*.taz=38;5;9:*.lha=38;5;9:*.lz4=38;5;9:*.lzh=38;5;9:*.lzma=38;5;9:*.tlz=38;5;9:*.txz=38;5;9:*.tzo=38;5;9:*.t7z=38;5;9:*.zip=38;5;9:*.z=38;5;9:*.Z=38;5;9:*.dz=38;5;9:*.gz=38;5;9:*.lrz=38;5;9:*.lz=38;5;9:*.lzo=38;5;9:*.xz=38;5;9:*.bz2=38;5;9:*.bz=38;5;9:*.tbz=38;5;9:*.tbz2=38;5;9:*.tz=38;5;9:*.deb=38;5;9:*.rpm=38;5;9:*.jar=38;5;9:*.war=38;5;9:*.ear=38;5;9:*.sar=38;5;9:*.rar=38;5;9:*.alz=38;5;9:*.ace=38;5;9:*.zoo=38;5;9:*.cpio=38;5;9:*.7z=38;5;9:*.rz=38;5;9:*.cab=38;5;9:*.jpg=38;5;13:*.jpeg=38;5;13:*.gif=38;5;13:*.bmp=38;5;13:*.pbm=38;5;13:*.pgm=38;5;13:*.ppm=38;5;13:*.tga=38;5;13:*.xbm=38;5;13:*.xpm=38;5;13:*.tif=38;5;13:*.tiff=38;5;13:*.png=38;5;13:*.svg=38;5;13:*.svgz=38;5;13:*.mng=38;5;13:*.pcx=38;5;13:*.mov=38;5;13:*.mpg=38;5;13:*.mpeg=38;5;13:*.m2v=38;5;13:*.mkv=38;5;13:*.webm=38;5;13:*.ogm=38;5;13:*.mp4=38;5;13:*.m4v=38;5;13:*.mp4v=38;5;13:*.vob=38;5;13:*.qt=38;5;13:*.nuv=38;5;13:*.wmv=38;5;13:*.asf=38;5;13:*.rm=38;5;13:*.rmvb=38;5;13:*.flc=38;5;13:*.avi=38;5;13:*.fli=38;5;13:*.flv=38;5;13:*.gl=38;5;13:*.dl=38;5;13:*.xcf=38;5;13:*.xwd=38;5;13:*.yuv=38;5;13:*.cgm=38;5;13:*.emf=38;5;13:*.axv=38;5;13:*.anx=38;5;13:*.ogv=38;5;13:*.ogx=38;5;13:*.aac=38;5;45:*.au=38;5;45:*.flac=38;5;45:*.mid=38;5;45:*.midi=38;5;45:*.mka=38;5;45:*.mp3=38;5;45:*.mpc=38;5;45:*.ogg=38;5;45:*.ra=38;5;45:*.wav=38;5;45:*.axa=38;5;45:*.oga=38;5;45:*.spx=38;5;45:*.xspf=38;5;45:
LD_LIBRARY_PATH=/home/bsgreene/vg_gnu_2013.06/amd64/gcc-4.5.2_64-shared/lib64:/home/bsgreene/vg_gnu_2013.06/amd64/gcc-4.5.2_64-shared/lib
VCS_BIN=/opt/synopsys-2019/app/vcs/P-2019.06-SP2-1/bin
SAED32_28_PDK=/opt/synopsys-2019/app/SAED/SAED_PDK32nm
XNLSPATH=/opt/synopsys-2017/app/verdi/Verdi_N-2017.12-SP1-1/etc/access/nls
WV_BIN=/opt/synopsys-2019/app/wv/P-2019.06-SP2/bin
SSH_AUTH_SOCK=/run/user/1627/keyring/ssh
USERNAME=lkim
SESSION_MANAGER=local/unix:@/tmp/.ICE-unix/18480,unix/unix:/tmp/.ICE-unix/18480
VCS_HEAP_EXEC=true
GUESTFISH_PS1=\[\e[1;32m\]><fs>\[\e[0;31m\] 
DESKTOP_SESSION=0-mate
MAIL=/var/spool/mail/lkim
PATH=/bin:/opt/synopsys-2019/app/syn/Q-2019.12-SP1/bin:/opt/synopsys-2019/app/txs/Q-2019.12-SP1/bin:/opt/synopsys-2019/app/customcompiler/P-2019.06-SP1-7/bin:/opt/synopsys-2019/app/finesim/P-2019.06-SP2-4/bin:/opt/synopsys-2019/app/hspice/P-2019.06-SP2-3/hspice/bin:/opt/synopsys-2019/app/icc/Q-2019.12-SP1/bin:/opt/synopsys-2019/app/icvalidator/Q-2019.12-SP1-1/bin:/opt/synopsys-2019/app/idq/Q-2019.12-SP1/bin:/opt/synopsys-2019/app/starrc/Q-2019.12-SP1-1/bin:/opt/synopsys-2019/app/vcs/P-2019.06-SP2-1/bin:/opt/synopsys-2019/app/wv/P-2019.06-SP2/bin:/opt/synopsys-2019/app/xa/P-2019.06-SP5/bin:/opt/synopsys-2019/app/sentaurus/Q_2019.12-SP1a/bin:/opt/synopsys-2019/app/sentaurus/Q_2019.12-SP1a/tcad/Q-2019.12-SP1a/linux64/bin:/opt/synopsys-2017/app/customcompiler/M-2017.03-SP1-1/bin:/opt/synopsys-2017/app/hspice/M-2017.03-SP1-1/hspice/bin:/opt/synopsys-2017/app/icvalidator/M-2017.06-1/bin/linux64:/opt/synopsys-2017/app/starrc/M-2017.06/bin:/opt/synopsys-2017/app/vcs-mx/M-2017.03-SP1-1/bin:/opt/synopsys-2017/app/xa/M-2017.03-SP2/bin:/opt/synopsys-2017/app/finesim/M-2017.03-SP1-2/bin:/opt/synopsys-2017/app/icc/N-2017.09-SP5/bin:/opt/synopsys-2017/app/wv/M-2017.03-SP1/bin:/opt/synopsys-2017/app/syn/M-2016.12-SP5-5/bin:/opt/synopsys-2017/app/pts/N-2017.12-SP2/bin:/opt/synopsys-2017/app/fm/N-2017.09-SP4/bin:/opt/synopsys-2017/app/verdi/Verdi_N-2017.12-SP1-1/bin:/opt/synopsys-2019/app/vcs/P-2019.06-SP2-1/bin:/home/bgreene/syn_2016.12-SP5/bin:/home/bsgreene/vg_gnu_2013.06/amd64/gcc-4.5.2_64-shared/bin:/home/bsgreene/vg_gnu_2013.06/amd64/binutils-2.22_64/bin:/opt/synopsys-2019/app/vcs/P-2019.06-SP2-1/bin:/usr/lib64/qt-3.3/bin:/sbin:/bin:/usr/sbin:/usr/bin:/usr/local/sbin:/usr/local/bin:/opt/cadence-2017/INCISIVE152/tools/bin
VG_GNU_PACKAGE=/home/bsgreene/vg_gnu_2013.06/amd64
ICC_BIN=/opt/synopsys-2019/app/icc/Q-2019.12-SP1/bin
IDQ_BIN=/opt/synopsys-2019/app/idq/Q-2019.12-SP1/bin
CC_BIN=/opt/synopsys-2019/app/customcompiler/P-2019.06-SP1-7/bin
VERDI_HOME=/opt/synopsys-2017/app/verdi/Verdi_N-2017.12-SP1-1/
PWD=/home/lkim/Desktop/Fall2022/603/assign1
XDG_SESSION_TYPE=x11
XMODIFIERS=@im=none
VCS_HOME=/opt/synopsys-2019/app/vcs/P-2019.06-SP2-1
SYS_PROG_NAME=verdi
LANG=C
GDM_LANG=en_US.UTF-8
MODULEPATH=/usr/share/Modules/modulefiles:/etc/modulefiles
XUSERFILESEARCHPATH=./%N:/usr/lib/X11/app-defaults/%N:/LINKS/X11R5/lib/X11/%N
GUESTFISH_OUTPUT=\e[0m
KDEDIRS=/usr
LOADEDMODULES=
VCS_ARCH_OVERRIDE=linux
HSPICE_BIN=/opt/synopsys-2019/app/hspice/P-2019.06-SP2-3/hspice/bin
ICV_HM=/opt/synopsys-2019/app/icvalidator/Q-2019.12-SP1-1
APP=synopsys-2019
SYS_INST_DIR=/opt/synopsys-2017/app/verdi/Verdi_N-2017.12-SP1-1
GDMSESSION=0-mate
LM_LICENSE_FILE=5525@server3:5525@server3:27000@hoth:/home/bgreene/lic:27000@dagobah.engr.scu.edu:27000@dagobah.engr.scu.edu:27000@license2.engr.scu.edu
SYNOPSYS=/opt/synopsys-2019/app/syn/Q-2019.12-SP1
KRB5CCNAME=KEYRING:persistent:1627
HISTCONTROL=ignoredups
SHLVL=2
HOME=/home/lkim
VCS_EXEC_DONE=1
FS_BIN=/opt/synopsys-2019/app/finesim/P-2019.06-SP2-4/bin
VERDI_ORIGNAL_LD_LIBRARY_PATH=/home/bsgreene/vg_gnu_2013.06/amd64/gcc-4.5.2_64-shared/lib64:/home/bsgreene/vg_gnu_2013.06/amd64/gcc-4.5.2_64-shared/lib
ICV_HOME_DIR=/opt/synopsys-2019/app/icvalidator/Q-2019.12-SP1-1
GTK_OVERLAY_SCROLLING=0
XDG_CACHE_HOME=/tmp/xdgcache-lkim
VCS_HM=/opt/synopsys-2019/app/vcs/P-2019.06-SP2-1
TCAD_BIN=/opt/synopsys-2019/app/sentaurus/Q_2019.12-SP1a/tcad/Q-2019.12-SP1a/linux64/bin
LOGNAME=lkim
XDG_SESSION_DESKTOP=0-mate
QTLIB=/usr/lib64/qt-3.3/lib
ICV_BIN=/opt/synopsys-2019/app/icvalidator/Q-2019.12-SP1-1/bin
DBUS_SESSION_BUS_ADDRESS=unix:abstract=/tmp/dbus-k9EI9zips2,guid=1f1f9d5c6dfb13ed3ea03619635aeea3
XDG_DATA_DIRS=/home/lkim/.local/share/flatpak/exports/share/:/var/lib/flatpak/exports/share/:/usr/local/share/:/usr/share/
NOVASHLPPATH=/opt/synopsys-2017/app/verdi/Verdi_N-2017.12-SP1-1/doc
SPS_RGB_PATH=/opt/synopsys-2017/app/verdi/Verdi_N-2017.12-SP1-1/etc/rgb
MODULESHOME=/usr/share/Modules
LESSOPEN=||/usr/bin/lesspipe.sh %s
NC_INST_DIR=/opt/cadence-2017/INCISIVE152
WINDOWPATH=1
LD_NOVERSION=1
DISPLAY=:125
XDG_RUNTIME_DIR=/run/user/1627
QT_PLUGIN_PATH=/opt/synopsys-2017/app/verdi/Verdi_N-2017.12-SP1-1/platform/LINUXAMD64/lib/Qt/plugins
XDG_CURRENT_DESKTOP=MATE
GUESTFISH_RESTORE=\e[0m
HISTTIMEFORMAT=
XAUTHORITY=/run/gdm/auth-for-lkim-N0NV9T/database
COLORTERM=truecolor
BASH_FUNC_module()=() {  eval `/usr/bin/modulecmd bash $*`
}
PS_HWPC=OFF
NOVAS_LC_ALL=C
NOVAS_SIGNAL_BASE_EXTRACTION=1
SIGNAL_BASE_EXTRACTION=1
NOVAS_VERDI_SVTB_BETA=1
VERDI_SVTB_BETA=1
NOVAS_VERDI_SVTB_ALPHA=1
VERDI_SVTB_ALPHA=1
NOVAS_VERDI_TB_HT=1
VERDI_TB_HT=1
NOVAS_WAVE_REDRAW_ALLVC=1
WAVE_REDRAW_ALLVC=1
NOVAS_TCL_LIBRARY=/opt/synopsys-2017/app/verdi/Verdi_N-2017.12-SP1-1/etc/access/tcl86_library
TCL_LIBRARY=/opt/synopsys-2017/app/verdi/Verdi_N-2017.12-SP1-1/etc/access/tcl86_library
XKEYSYMDB=/opt/synopsys-2017/app/verdi/Verdi_N-2017.12-SP1-1/etc/access/XKeysymDB2.1
XLOCALEDIR=/opt/synopsys-2017/app/verdi/Verdi_N-2017.12-SP1-1/etc/access/locale
NOVAS_SIGNAL_BASED_BA=0
SIGNAL_BASED_BA=0
SNPS_SIM_DEFAULT_GUI=verdi
FSDB_FILE=/DCNFS/users/student/lkim/Desktop/Fall2022/603/assign1/inter.fsdb
VCS_UCLI_STDIN_BLOCKING=1
FSDB_VHDL_PROTECTED=1
FSDB_RD_IR_ENABLE=1
FSDB_SVA_STATUS=1
VCS_STOP_SAFE=1
DVE_SIM_SELECT_LOOP=on
VCS_LCAMSG_PRINT_OFF=1
FLEXLM_BORROWFILE=/home/lkim/.linuxvdi10-borrow.txt
Runtime command line arguments:
argv[0]=/DCNFS/users/student/lkim/Desktop/Fall2022/603/assign1/simv
argv[1]=-ucli
argv[2]=-sml=verdi
argv[3]=+UVM_VERDI_TRACE=UVM_AWARE
argv[4]=+fsdb+gate=off
argv[5]=-ucli2Proc
argv[6]=-lca
argv[7]=-l
argv[8]=/DCNFS/users/student/lkim/Desktop/Fall2022/603/assign1/verdiLog/sim.log
296 profile - 100
          CPU/Mem usage: 0.010 sys,  0.070 user,  268.43M sys,  0.00M vm
297 VC callback profile - scalar:0 vector:0
298 Thu Oct 27 14:37:53 2022
299 pliAppInit
300 ndpGetenv(FSDB_FILE): /DCNFS/users/student/lkim/Desktop/Fall2022/603/assign1/inter.fsdb
301 ndpGetenv(FSDB_SVA_STATUS): 1
302 ndpGetenv(FSDB_VHDL_PROTECTED): 1
303 Enable VD Dumper
304 FSDB_GATE is disabled.
305 Enable Parallel Dumping.
306 pliAppMiscSet: New Sim Round
307 pliEntryInit
308 LIBSSCORE=found /opt/synopsys-2017/app/verdi/Verdi_N-2017.12-SP1-1//share/PLI/lib/LINUXAMD64/libsscore_vcs201712.so through $NOVAS_HOME setting.
309 FSDB Dumper for VCS, Release Verdi_N-2017.12-SP1-1, Linux x86_64/64bit, 04/19/2018
310 (C) 1996 - 2018 by Synopsys, Inc.
311 ***********************************************************************
312 *  ERROR -                                                            *
313 *  The simulator version is newer than the FSDB dumper version which  *
314 *  may cause abnormal behavior, please contact Synopsys support for   *
315 *  assistance.                                                        *
316 ***********************************************************************
317 sps_tcl_fsdbDumpfile_main at 0
318 argv[0]: /DCNFS/users/student/lkim/Desktop/Fall2022/603/assign1/inter.fsdb
319 *Verdi* : Create FSDB file '/DCNFS/users/student/lkim/Desktop/Fall2022/603/assign1/inter.fsdb'
320 sps_tcl_fsdbDumpflush_vd_main
321 *Verdi* : Flush all FSDB Files at 0 s.
