# Preference setting overrides
gui_create_pref_key -category {Globals} -key {load_detail_for_funcov} -value_type {bool} -value {false}

# State setting overrides
gui_state_default_create -off -ini
gui_set_state_value -category Layout -key child_console_size_x -value 1351
gui_set_state_value -category Layout -key child_console_size_y -value 174
gui_set_state_value -category Layout -key child_data_size_x -value 260
gui_set_state_value -category Layout -key child_data_size_y -value 748
gui_set_state_value -category Layout -key child_hier_col3 -value {-1}
gui_set_state_value -category Layout -key child_hier_colpd -value 0
gui_set_state_value -category Layout -key child_hier_size_x -value 150
gui_set_state_value -category Layout -key child_hier_size_y -value 748
gui_set_state_value -category Layout -key child_source_docknewline -value false
gui_set_state_value -category Layout -key child_source_pos_x -value {-2}
gui_set_state_value -category Layout -key child_source_pos_y -value {-15}
gui_set_state_value -category Layout -key child_source_size_x -value 944
gui_set_state_value -category Layout -key child_source_size_y -value 743
gui_set_state_value -category Layout -key child_wave_colname -value 158
gui_set_state_value -category Layout -key child_wave_colvalue -value 159
gui_set_state_value -category Layout -key child_wave_left -value 321
gui_set_state_value -category Layout -key child_wave_right -value 783
gui_set_state_value -category Layout -key main_pos_x -value 1147
gui_set_state_value -category Layout -key main_pos_y -value 226
gui_set_state_value -category Layout -key main_size_x -value 2498
gui_set_state_value -category Layout -key main_size_y -value 1247
gui_set_state_value -category Layout -key stand_wave_child_docknewline -value false
gui_set_state_value -category Layout -key stand_wave_child_pos_x -value {-2}
gui_set_state_value -category Layout -key stand_wave_child_pos_y -value {-15}
gui_set_state_value -category Layout -key stand_wave_child_size_x -value 1114
gui_set_state_value -category Layout -key stand_wave_child_size_y -value 805
gui_set_state_value -category Layout -key stand_wave_top_pos_x -value 434
gui_set_state_value -category Layout -key stand_wave_top_pos_y -value 479
gui_set_state_value -category Layout -key stand_wave_top_size_x -value 1543
gui_set_state_value -category Layout -key stand_wave_top_size_y -value 1412
gui_create_state_key -category FindDialog -key m_pMatchCase -value_type bool -value false
gui_create_state_key -category FindDialog -key m_pMatchWord -value_type bool -value false
gui_create_state_key -category FindDialog -key m_pUseCombo -value_type string -value {}
gui_create_state_key -category FindDialog -key m_pWrapAround -value_type bool -value true
gui_create_state_key -category Widget_History -key {dlgSimSetup|m_setupTab|tab pages|BuildTab|m_rebuildBtnGroup|m_customCmdCombo} -value_type string -value {{vcs -full64 -debug_accessa+all fba_tb.v four_bit_adder.v full_adder.v}}
gui_create_state_key -category Widget_History -key {dlgSimSetup|m_setupTab|tab pages|SimTab|m_VPDCombo} -value_type string -value inter.vpd
gui_create_state_key -category Widget_History -key {dlgSimSetup|m_setupTab|tab pages|SimTab|m_argsCombo} -value_type string -value {{-ucligui }}
gui_create_state_key -category Widget_History -key {dlgSimSetup|m_setupTab|tab pages|SimTab|m_curDirCombo} -value_type string -value {/DCNFS/users/student/lkim/Desktop/Fall2022/603/assign1 /DCNFS/users/student/lkim/TEST}
gui_create_state_key -category Widget_History -key {dlgSimSetup|m_setupTab|tab pages|SimTab|m_exeCombo} -value_type string -value {./simv /DCNFS/users/student/lkim/Desktop/Fall2022/603/assign1/simv}
gui_state_default_create -off

# Begin command logging
gui_sim_run Ucli -exe ./simv -args {-ucligui  } -dir .
#Dve crash log 
#Encountered Illegal Interrupt SIGXFSZ on Wed Nov 2 21:17:15 2022
#Version: P-2019.06-SP2-1_Full64
#Platform: Linux x86_64
#Data of Built: Jan 30 2020 21:13:46
